#
# There is insufficient memory for the Java Runtime Environment to continue.
# Native memory allocation (mmap) failed to map 89128960 bytes for committing reserved memory.
# Possible reasons:
#   The system is out of physical RAM or swap space
#   In 32 bit mode, the process size limit was hit
# Possible solutions:
#   Reduce memory load on the system
#   Increase physical memory or swap space
#   Check if swap backing store is full
#   Use 64 bit Java on a 64 bit OS
#   Decrease Java heap size (-Xmx/-Xms)
#   Decrease number of Java threads
#   Decrease Java thread stack sizes (-Xss)
#   Set larger code cache with -XX:ReservedCodeCacheSize=
# This output file may be truncated or incomplete.
#
#  Out of Memory Error (os_linux.cpp:2627), pid=19958, tid=140572946167552
#
# JRE version: Java(TM) SE Runtime Environment (8.0_91-b14) (build 1.8.0_91-b14)
# Java VM: Java HotSpot(TM) 64-Bit Server VM (25.91-b14 mixed mode linux-amd64 compressed oops)
# Failed to write core dump. Core dumps have been disabled. To enable core dumping, try "ulimit -c unlimited" before starting Java again
#

---------------  T H R E A D  ---------------

Current thread (0x00007fd9c8078800):  VMThread [stack: 0x00007fd9b0757000,0x00007fd9b0858000] [id=19974]

Stack: [0x00007fd9b0757000,0x00007fd9b0858000],  sp=0x00007fd9b08561e0,  free space=1020k
Native frames: (J=compiled Java code, j=interpreted, Vv=VM code, C=native code)
V  [libjvm.so+0xabc18a]  VMError::report_and_die()+0x2ba
V  [libjvm.so+0x4fafeb]  report_vm_out_of_memory(char const*, int, unsigned long, VMErrorType, char const*)+0x8b
V  [libjvm.so+0x91cbb3]  os::Linux::commit_memory_impl(char*, unsigned long, bool)+0x103
V  [libjvm.so+0x91d109]  os::pd_commit_memory(char*, unsigned long, unsigned long, bool)+0x29
V  [libjvm.so+0x91740a]  os::commit_memory(char*, unsigned long, unsigned long, bool)+0x2a
V  [libjvm.so+0x98b033]  PSVirtualSpace::expand_by(unsigned long)+0x53
V  [libjvm.so+0x98c438]  PSYoungGen::resize_generation(unsigned long, unsigned long)+0xf8
V  [libjvm.so+0x98b592]  PSYoungGen::resize(unsigned long, unsigned long)+0x22
V  [libjvm.so+0x98886b]  PSScavenge::invoke_no_policy()+0xf3b
V  [libjvm.so+0x988ff1]  PSScavenge::invoke()+0x41
V  [libjvm.so+0x9408b0]  ParallelScavengeHeap::failed_mem_allocate(unsigned long)+0x70
V  [libjvm.so+0xabdba7]  VM_ParallelGCFailedAllocation::doit()+0x97
V  [libjvm.so+0xac55d5]  VM_Operation::evaluate()+0x55
V  [libjvm.so+0xac39aa]  VMThread::evaluate_operation(VM_Operation*)+0xba
V  [libjvm.so+0xac3d2e]  VMThread::loop()+0x1ce
V  [libjvm.so+0xac41a0]  VMThread::run()+0x70
V  [libjvm.so+0x91ef78]  java_start(Thread*)+0x108

VM_Operation (0x00007fd9aa150260): ParallelGCFailedAllocation, mode: safepoint, requested by thread 0x00007fd974001000


---------------  P R O C E S S  ---------------

Java Threads: ( => current thread )
  0x00007fd960007800 JavaThread "JMX server connection timeout 35" daemon [_thread_blocked, id=20022, stack(0x00007fd9a9148000,0x00007fd9a9249000)]
  0x00007fd9c84f0800 JavaThread "ajp-nio-8009-AsyncTimeout" daemon [_thread_blocked, id=20017, stack(0x00007fd9a9249000,0x00007fd9a934a000)]
  0x00007fd9c84ee800 JavaThread "ajp-nio-8009-Acceptor-0" daemon [_thread_in_native, id=20016, stack(0x00007fd9a934a000,0x00007fd9a944b000)]
  0x00007fd9c84ed000 JavaThread "ajp-nio-8009-ClientPoller-1" daemon [_thread_blocked, id=20015, stack(0x00007fd9a944b000,0x00007fd9a954c000)]
  0x00007fd9c84de000 JavaThread "ajp-nio-8009-ClientPoller-0" daemon [_thread_blocked, id=20014, stack(0x00007fd9a954c000,0x00007fd9a964d000)]
  0x00007fd9c84cf800 JavaThread "http-nio-8080-AsyncTimeout" daemon [_thread_blocked, id=20013, stack(0x00007fd9a964d000,0x00007fd9a974e000)]
  0x00007fd9c84ce000 JavaThread "http-nio-8080-Acceptor-0" daemon [_thread_in_native, id=20012, stack(0x00007fd9a974e000,0x00007fd9a984f000)]
  0x00007fd9c84cc000 JavaThread "http-nio-8080-ClientPoller-1" daemon [_thread_blocked, id=20011, stack(0x00007fd9a984f000,0x00007fd9a9950000)]
  0x00007fd9c84b0000 JavaThread "http-nio-8080-ClientPoller-0" daemon [_thread_blocked, id=20010, stack(0x00007fd9a9950000,0x00007fd9a9a51000)]
  0x00007fd9c84ab000 JavaThread "ContainerBackgroundProcessor[StandardEngine[Catalina]]" daemon [_thread_blocked, id=20009, stack(0x00007fd9a9a51000,0x00007fd9a9b52000)]
  0x00007fd9c84a9800 JavaThread "Catalina-startStop-1" daemon [_thread_blocked, id=20008, stack(0x00007fd9a9b52000,0x00007fd9a9c53000)]
  0x00007fd9c849d800 JavaThread "NioBlockingSelector.BlockPoller-2" daemon [_thread_blocked, id=20006, stack(0x00007fd9a9c53000,0x00007fd9a9d54000)]
  0x00007fd9c847f000 JavaThread "NioBlockingSelector.BlockPoller-1" daemon [_thread_blocked, id=20005, stack(0x00007fd9a9f54000,0x00007fd9aa055000)]
  0x00007fd974001000 JavaThread "RMI TCP Connection(2)-127.0.0.1" daemon [_thread_blocked, id=20002, stack(0x00007fd9aa055000,0x00007fd9aa156000)]
  0x00007fd964032800 JavaThread "RMI Scheduler(0)" daemon [_thread_blocked, id=20000, stack(0x00007fd9aa156000,0x00007fd9aa257000)]
  0x00007fd9c840e000 JavaThread "GC Daemon" daemon [_thread_blocked, id=19999, stack(0x00007fd9aa8b4000,0x00007fd9aa9b5000)]
  0x00007fd978001000 JavaThread "RMI TCP Connection(1)-127.0.0.1" daemon [_thread_in_native, id=19998, stack(0x00007fd9aa9b5000,0x00007fd9aaab6000)]
  0x00007fd9c81ea800 JavaThread "RMI TCP Accept-0" daemon [_thread_in_native, id=19994, stack(0x00007fd9aadb7000,0x00007fd9aaeb8000)]
  0x00007fd9c81cd800 JavaThread "RMI TCP Accept-1099" daemon [_thread_in_native, id=19993, stack(0x00007fd9aaeb8000,0x00007fd9aafb9000)]
  0x00007fd9c81bc000 JavaThread "RMI TCP Accept-0" daemon [_thread_in_native, id=19992, stack(0x00007fd9aafb9000,0x00007fd9ab0ba000)]
  0x00007fd9c8117800 JavaThread "AsyncFileHandlerWriter-1846274136" daemon [_thread_blocked, id=19991, stack(0x00007fd9ab6eb000,0x00007fd9ab7ec000)]
  0x00007fd9c80c1000 JavaThread "Service Thread" daemon [_thread_blocked, id=19988, stack(0x00007fd9b0050000,0x00007fd9b0151000)]
  0x00007fd9c80be000 JavaThread "C1 CompilerThread2" daemon [_thread_blocked, id=19986, stack(0x00007fd9b0151000,0x00007fd9b0252000)]
  0x00007fd9c80bc800 JavaThread "C2 CompilerThread1" daemon [_thread_blocked, id=19983, stack(0x00007fd9b0252000,0x00007fd9b0353000)]
  0x00007fd9c80b9800 JavaThread "C2 CompilerThread0" daemon [_thread_blocked, id=19982, stack(0x00007fd9b0353000,0x00007fd9b0454000)]
  0x00007fd9c80b8000 JavaThread "Signal Dispatcher" daemon [_thread_blocked, id=19979, stack(0x00007fd9b0454000,0x00007fd9b0555000)]
  0x00007fd9c8084800 JavaThread "Finalizer" daemon [_thread_blocked, id=19978, stack(0x00007fd9b0555000,0x00007fd9b0656000)]
  0x00007fd9c8080000 JavaThread "Reference Handler" daemon [_thread_blocked, id=19975, stack(0x00007fd9b0656000,0x00007fd9b0757000)]
  0x00007fd9c800a800 JavaThread "main" [_thread_in_native, id=19964, stack(0x00007fd9ced5b000,0x00007fd9cee5c000)]

Other Threads:
=>0x00007fd9c8078800 VMThread [stack: 0x00007fd9b0757000,0x00007fd9b0858000] [id=19974]
  0x00007fd9c81ed000 WatcherThread [stack: 0x00007fd9aacb6000,0x00007fd9aadb7000] [id=19995]

VM state:at safepoint (normal execution)

VM Mutex/Monitor currently owned by a thread:  ([mutex/lock_event])
[0x00007fd9c8006e30] Threads_lock - owner thread: 0x00007fd9c8078800
[0x00007fd9c8007330] Heap_lock - owner thread: 0x00007fd974001000

Heap:
 PSYoungGen      total 66048K, used 2553K [0x00000000eb800000, 0x00000000efb00000, 0x0000000100000000)
  eden space 63488K, 0% used [0x00000000eb800000,0x00000000eb800000,0x00000000ef600000)
  from space 2560K, 99% used [0x00000000ef600000,0x00000000ef87e720,0x00000000ef880000)
  to   space 2560K, 0% used [0x00000000ef880000,0x00000000ef880000,0x00000000efb00000)
 ParOldGen       total 42496K, used 28035K [0x00000000c2800000, 0x00000000c5180000, 0x00000000eb800000)
  object space 42496K, 65% used [0x00000000c2800000,0x00000000c4360da0,0x00000000c5180000)
 Metaspace       used 16423K, capacity 16768K, committed 16896K, reserved 1064960K
  class space    used 1877K, capacity 1986K, committed 2048K, reserved 1048576K

Card table byte_map: [0x00007fd9b8838000,0x00007fd9b8a25000] byte_map_base: 0x00007fd9b8224000

Marking Bits: (ParMarkBitMap*) 0x00007fd9ce232d60
 Begin Bits: [0x00007fd9b2140000, 0x00007fd9b30a0000)
 End Bits:   [0x00007fd9b30a0000, 0x00007fd9b4000000)

Polling page: 0x00007fd9cee7b000

CodeCache: size=245760Kb used=6074Kb max_used=6078Kb free=239686Kb
 bounds [0x00007fd9b8de5000, 0x00007fd9b93e5000, 0x00007fd9c7de5000]
 total_blobs=2041 nmethods=1661 adapters=293
 compilation: enabled

Compilation events (10 events):
Event: 12,069 Thread 0x00007fd9c80be000 1668       1       java.util.WeakHashMap::indexFor (6 bytes)
Event: 12,088 Thread 0x00007fd9c80be000 nmethod 1668 0x00007fd9b93aaf10 code [0x00007fd9b93ab060, 0x00007fd9b93ab150]
Event: 12,088 Thread 0x00007fd9c80be000 1669       3       java.nio.charset.CharsetEncoder::onMalformedInput (26 bytes)
Event: 12,129 Thread 0x00007fd9c80bc800 1671   !   4       org.apache.catalina.startup.ContextConfig::populateJavaClassCache (284 bytes)
Event: 12,145 Thread 0x00007fd9c80be000 nmethod 1669 0x00007fd9b93d65d0 code [0x00007fd9b93d6760, 0x00007fd9b93d6aa8]
Event: 12,147 Thread 0x00007fd9c80be000 1670       3       org.apache.tomcat.util.bcel.classfile.AnnotationEntry::<init> (73 bytes)
Event: 12,146 Thread 0x00007fd9c80b9800 1672   !   4       java.util.zip.Inflater::setInput (74 bytes)
Event: 12,155 Thread 0x00007fd9c80be000 nmethod 1670 0x00007fd9b93d9a50 code [0x00007fd9b93d9c40, 0x00007fd9b93da458]
Event: 12,155 Thread 0x00007fd9c80be000 1666       3       sun.misc.PerfCounter::getZipFileOpenTime (4 bytes)
Event: 12,157 Thread 0x00007fd9c80be000 nmethod 1666 0x00007fd9b93ce850 code [0x00007fd9b93ce9a0, 0x00007fd9b93cead0]

GC Heap History (9 events):
Event: 2,134 GC heap before
{Heap before GC invocations=1 (full 0):
 PSYoungGen      total 18432K, used 15872K [0x00000000eb800000, 0x00000000ecc80000, 0x0000000100000000)
  eden space 15872K, 100% used [0x00000000eb800000,0x00000000ec780000,0x00000000ec780000)
  from space 2560K, 0% used [0x00000000eca00000,0x00000000eca00000,0x00000000ecc80000)
  to   space 2560K, 0% used [0x00000000ec780000,0x00000000ec780000,0x00000000eca00000)
 ParOldGen       total 42496K, used 0K [0x00000000c2800000, 0x00000000c5180000, 0x00000000eb800000)
  object space 42496K, 0% used [0x00000000c2800000,0x00000000c2800000,0x00000000c5180000)
 Metaspace       used 9970K, capacity 10140K, committed 10240K, reserved 1058816K
  class space    used 1136K, capacity 1207K, committed 1280K, reserved 1048576K
Event: 2,162 GC heap after
Heap after GC invocations=1 (full 0):
 PSYoungGen      total 18432K, used 2544K [0x00000000eb800000, 0x00000000edc00000, 0x0000000100000000)
  eden space 15872K, 0% used [0x00000000eb800000,0x00000000eb800000,0x00000000ec780000)
  from space 2560K, 99% used [0x00000000ec780000,0x00000000ec9fc380,0x00000000eca00000)
  to   space 2560K, 0% used [0x00000000ed980000,0x00000000ed980000,0x00000000edc00000)
 ParOldGen       total 42496K, used 1580K [0x00000000c2800000, 0x00000000c5180000, 0x00000000eb800000)
  object space 42496K, 3% used [0x00000000c2800000,0x00000000c298b1c0,0x00000000c5180000)
 Metaspace       used 9970K, capacity 10140K, committed 10240K, reserved 1058816K
  class space    used 1136K, capacity 1207K, committed 1280K, reserved 1048576K
}
Event: 3,725 GC heap before
{Heap before GC invocations=2 (full 0):
 PSYoungGen      total 18432K, used 18416K [0x00000000eb800000, 0x00000000edc00000, 0x0000000100000000)
  eden space 15872K, 100% used [0x00000000eb800000,0x00000000ec780000,0x00000000ec780000)
  from space 2560K, 99% used [0x00000000ec780000,0x00000000ec9fc380,0x00000000eca00000)
  to   space 2560K, 0% used [0x00000000ed980000,0x00000000ed980000,0x00000000edc00000)
 ParOldGen       total 42496K, used 1580K [0x00000000c2800000, 0x00000000c5180000, 0x00000000eb800000)
  object space 42496K, 3% used [0x00000000c2800000,0x00000000c298b1c0,0x00000000c5180000)
 Metaspace       used 14351K, capacity 14656K, committed 14848K, reserved 1062912K
  class space    used 1632K, capacity 1756K, committed 1792K, reserved 1048576K
Event: 3,766 GC heap after
Heap after GC invocations=2 (full 0):
 PSYoungGen      total 34304K, used 2554K [0x00000000eb800000, 0x00000000edc00000, 0x0000000100000000)
  eden space 31744K, 0% used [0x00000000eb800000,0x00000000eb800000,0x00000000ed700000)
  from space 2560K, 99% used [0x00000000ed980000,0x00000000edbfe830,0x00000000edc00000)
  to   space 2560K, 0% used [0x00000000ed700000,0x00000000ed700000,0x00000000ed980000)
 ParOldGen       total 42496K, used 4418K [0x00000000c2800000, 0x00000000c5180000, 0x00000000eb800000)
  object space 42496K, 10% used [0x00000000c2800000,0x00000000c2c508c8,0x00000000c5180000)
 Metaspace       used 14351K, capacity 14656K, committed 14848K, reserved 1062912K
  class space    used 1632K, capacity 1756K, committed 1792K, reserved 1048576K
}
Event: 6,200 GC heap before
{Heap before GC invocations=3 (full 0):
 PSYoungGen      total 34304K, used 34298K [0x00000000eb800000, 0x00000000edc00000, 0x0000000100000000)
  eden space 31744K, 100% used [0x00000000eb800000,0x00000000ed700000,0x00000000ed700000)
  from space 2560K, 99% used [0x00000000ed980000,0x00000000edbfe830,0x00000000edc00000)
  to   space 2560K, 0% used [0x00000000ed700000,0x00000000ed700000,0x00000000ed980000)
 ParOldGen       total 42496K, used 4418K [0x00000000c2800000, 0x00000000c5180000, 0x00000000eb800000)
  object space 42496K, 10% used [0x00000000c2800000,0x00000000c2c508c8,0x00000000c5180000)
 Metaspace       used 16322K, capacity 16696K, committed 16896K, reserved 1064960K
  class space    used 1876K, capacity 1986K, committed 2048K, reserved 1048576K
Event: 6,243 GC heap after
Heap after GC invocations=3 (full 0):
 PSYoungGen      total 34304K, used 2540K [0x00000000eb800000, 0x00000000efb00000, 0x0000000100000000)
  eden space 31744K, 0% used [0x00000000eb800000,0x00000000eb800000,0x00000000ed700000)
  from space 2560K, 99% used [0x00000000ed700000,0x00000000ed97b250,0x00000000ed980000)
  to   space 2560K, 0% used [0x00000000ef880000,0x00000000ef880000,0x00000000efb00000)
 ParOldGen       total 42496K, used 12501K [0x00000000c2800000, 0x00000000c5180000, 0x00000000eb800000)
  object space 42496K, 29% used [0x00000000c2800000,0x00000000c3435680,0x00000000c5180000)
 Metaspace       used 16322K, capacity 16696K, committed 16896K, reserved 1064960K
  class space    used 1876K, capacity 1986K, committed 2048K, reserved 1048576K
}
Event: 7,727 GC heap before
{Heap before GC invocations=4 (full 0):
 PSYoungGen      total 34304K, used 34284K [0x00000000eb800000, 0x00000000efb00000, 0x0000000100000000)
  eden space 31744K, 100% used [0x00000000eb800000,0x00000000ed700000,0x00000000ed700000)
  from space 2560K, 99% used [0x00000000ed700000,0x00000000ed97b250,0x00000000ed980000)
  to   space 2560K, 0% used [0x00000000ef880000,0x00000000ef880000,0x00000000efb00000)
 ParOldGen       total 42496K, used 12501K [0x00000000c2800000, 0x00000000c5180000, 0x00000000eb800000)
  object space 42496K, 29% used [0x00000000c2800000,0x00000000c3435680,0x00000000c5180000)
 Metaspace       used 16385K, capacity 16696K, committed 16896K, reserved 1064960K
  class space    used 1876K, capacity 1986K, committed 2048K, reserved 1048576K
Event: 7,778 GC heap after
Heap after GC invocations=4 (full 0):
 PSYoungGen      total 66048K, used 2536K [0x00000000eb800000, 0x00000000efb00000, 0x0000000100000000)
  eden space 63488K, 0% used [0x00000000eb800000,0x00000000eb800000,0x00000000ef600000)
  from space 2560K, 99% used [0x00000000ef880000,0x00000000efafa338,0x00000000efb00000)
  to   space 2560K, 0% used [0x00000000ef600000,0x00000000ef600000,0x00000000ef880000)
 ParOldGen       total 42496K, used 17618K [0x00000000c2800000, 0x00000000c5180000, 0x00000000eb800000)
  object space 42496K, 41% used [0x00000000c2800000,0x00000000c39349b8,0x00000000c5180000)
 Metaspace       used 16385K, capacity 16696K, committed 16896K, reserved 1064960K
  class space    used 1876K, capacity 1986K, committed 2048K, reserved 1048576K
}
Event: 12,728 GC heap before
{Heap before GC invocations=5 (full 0):
 PSYoungGen      total 66048K, used 66024K [0x00000000eb800000, 0x00000000efb00000, 0x0000000100000000)
  eden space 63488K, 100% used [0x00000000eb800000,0x00000000ef600000,0x00000000ef600000)
  from space 2560K, 99% used [0x00000000ef880000,0x00000000efafa338,0x00000000efb00000)
  to   space 2560K, 0% used [0x00000000ef600000,0x00000000ef600000,0x00000000ef880000)
 ParOldGen       total 42496K, used 17618K [0x00000000c2800000, 0x00000000c5180000, 0x00000000eb800000)
  object space 42496K, 41% used [0x00000000c2800000,0x00000000c39349b8,0x00000000c5180000)
 Metaspace       used 16423K, capacity 16768K, committed 16896K, reserved 1064960K
  class space    used 1877K, capacity 1986K, committed 2048K, reserved 1048576K

Deoptimization events (10 events):
Event: 3,474 Thread 0x00007fd9c800a800 Uncommon trap: reason=unstable_if action=reinterpret pc=0x00007fd9b91a0768 method=java.lang.CharacterDataLatin1.digit(II)I @ 82
Event: 3,866 Thread 0x00007fd974001000 Uncommon trap: reason=class_check action=maybe_recompile pc=0x00007fd9b90dd0e0 method=java.util.Properties$LineReader.readLine()I @ 62
Event: 3,866 Thread 0x00007fd974001000 Uncommon trap: reason=unstable_if action=reinterpret pc=0x00007fd9b90d34e0 method=java.util.Properties$LineReader.readLine()I @ 246
Event: 3,866 Thread 0x00007fd974001000 Uncommon trap: reason=unstable_if action=reinterpret pc=0x00007fd9b90dcfa4 method=java.util.Properties$LineReader.readLine()I @ 246
Event: 3,868 Thread 0x00007fd974001000 Uncommon trap: reason=unstable_if action=reinterpret pc=0x00007fd9b8fedc4c method=java.lang.AbstractStringBuilder.append(Ljava/lang/String;)Ljava/lang/AbstractStringBuilder; @ 1
Event: 4,800 Thread 0x00007fd974001000 Uncommon trap: reason=unstable_if action=reinterpret pc=0x00007fd9b929d5f0 method=com.sun.org.apache.xerces.internal.impl.XMLEntityScanner.scanContent(Lcom/sun/org/apache/xerces/internal/xni/XMLString;)I @ 481
Event: 5,455 Thread 0x00007fd974001000 Uncommon trap: reason=unloaded action=reinterpret pc=0x00007fd9b92e7810 method=org.apache.tomcat.util.bcel.classfile.Constant.readConstant(Ljava/io/DataInput;)Lorg/apache/tomcat/util/bcel/classfile/Constant; @ 132
Event: 5,468 Thread 0x00007fd974001000 Uncommon trap: reason=unstable_if action=reinterpret pc=0x00007fd9b92f4364 method=java.io.DataInputStream.readUTF(Ljava/io/DataInput;)Ljava/lang/String; @ 112
Event: 6,248 Thread 0x00007fd974001000 Uncommon trap: reason=unstable_if action=reinterpret pc=0x00007fd9b9359c70 method=java.lang.ref.ReferenceQueue.poll()Ljava/lang/ref/Reference; @ 4
Event: 7,361 Thread 0x00007fd974001000 Uncommon trap: reason=unloaded action=reinterpret pc=0x00007fd9b932305c method=org.apache.tomcat.util.bcel.classfile.Constant.readConstant(Ljava/io/DataInput;)Lorg/apache/tomcat/util/bcel/classfile/Constant; @ 114

Internal exceptions (10 events):
Event: 2,477 Thread 0x00007fd978001000 Exception <a 'java/lang/NoSuchFieldError': method resolution failed> (0x00000000ebcc2f00) thrown at [/HUDSON/workspace/8-2-build-linux-amd64/jdk8u91/6644/hotspot/src/share/vm/prims/methodHandles.cpp, line 1146]
Event: 2,722 Thread 0x00007fd974001000 Exception <a 'java/lang/NoSuchMethodError': <clinit>> (0x00000000ebe444e0) thrown at [/HUDSON/workspace/8-2-build-linux-amd64/jdk8u91/6644/hotspot/src/share/vm/prims/jni.cpp, line 1613]
Event: 2,750 Thread 0x00007fd974001000 Exception <a 'java/lang/ClassNotFoundException': javax/management/remote/rmi/RMIConnectionImpl_Skel> (0x00000000ebe48f98) thrown at [/HUDSON/workspace/8-2-build-linux-amd64/jdk8u91/6644/hotspot/src/share/vm/classfile/systemDictionary.cpp, line 210]
Event: 2,983 Thread 0x00007fd974001000 Exception <a 'java/lang/reflect/InvocationTargetException'> (0x00000000ebfd6038) thrown at [/HUDSON/workspace/8-2-build-linux-amd64/jdk8u91/6644/hotspot/src/share/vm/runtime/reflection.cpp, line 1092]
Event: 2,999 Thread 0x00007fd974001000 Exception <a 'java/lang/NoSuchMethodError': <clinit>> (0x00000000ebff6440) thrown at [/HUDSON/workspace/8-2-build-linux-amd64/jdk8u91/6644/hotspot/src/share/vm/prims/jni.cpp, line 1613]
Event: 3,312 Thread 0x00007fd9c800a800 Implicit null exception at 0x00007fd9b90ea075 to 0x00007fd9b90ea281
Event: 3,313 Thread 0x00007fd9c800a800 Implicit null exception at 0x00007fd9b919a47b to 0x00007fd9b919a909
Event: 3,322 Thread 0x00007fd9c800a800 Exception <a 'java/io/FileNotFoundException'> (0x00000000ec4356a0) thrown at [/HUDSON/workspace/8-2-build-linux-amd64/jdk8u91/6644/hotspot/src/share/vm/prims/jni.cpp, line 709]
Event: 3,611 Thread 0x00007fd974001000 Exception <a 'java/lang/reflect/InvocationTargetException'> (0x00000000ec6bcfc8) thrown at [/HUDSON/workspace/8-2-build-linux-amd64/jdk8u91/6644/hotspot/src/share/vm/runtime/reflection.cpp, line 1092]
Event: 3,868 Thread 0x00007fd974001000 Implicit null exception at 0x00007fd9b8fed8f5 to 0x00007fd9b8fedc39

Events (10 events):
Event: 6,624 Thread 0x00007fd974001000 DEOPT PACKING pc=0x00007fd9b92dcca4 sp=0x00007fd9aa150420
Event: 6,624 Thread 0x00007fd974001000 DEOPT UNPACKING pc=0x00007fd9b8e2c633 sp=0x00007fd9aa150178 mode 0
Event: 6,803 Executing VM operation: BulkRevokeBias
Event: 6,805 Executing VM operation: BulkRevokeBias done
Event: 7,355 Thread 0x00007fd974001000 Uncommon trap: trap_request=0x00000008 fr.pc=0x00007fd9b932305c
Event: 7,372 Thread 0x00007fd974001000 DEOPT PACKING pc=0x00007fd9b932305c sp=0x00007fd9aa14fe80
Event: 7,387 Thread 0x00007fd974001000 DEOPT UNPACKING pc=0x00007fd9b8dea229 sp=0x00007fd9aa14fe68 mode 2
Event: 7,699 Executing VM operation: ParallelGCFailedAllocation
Event: 7,780 Executing VM operation: ParallelGCFailedAllocation done
Event: 12,711 Executing VM operation: ParallelGCFailedAllocation


Dynamic libraries:
00400000-00401000 r-xp 00000000 08:05 264673                             /usr/lib/jvm/java-8-oracle/bin/java
00600000-00601000 rw-p 00000000 08:05 264673                             /usr/lib/jvm/java-8-oracle/bin/java
0145d000-0147e000 rw-p 00000000 00:00 0                                  [heap]
c2800000-c5180000 rw-p 00000000 00:00 0 
c5180000-eb800000 ---p 00000000 00:00 0 
eb800000-efb00000 rw-p 00000000 00:00 0 
f5000000-100000000 ---p 00000000 00:00 0 
100000000-100200000 rw-p 00000000 00:00 0 
100200000-140000000 ---p 00000000 00:00 0 
7fd934000000-7fd934021000 rw-p 00000000 00:00 0 
7fd934021000-7fd938000000 ---p 00000000 00:00 0 
7fd93c000000-7fd93c021000 rw-p 00000000 00:00 0 
7fd93c021000-7fd940000000 ---p 00000000 00:00 0 
7fd940000000-7fd940021000 rw-p 00000000 00:00 0 
7fd940021000-7fd944000000 ---p 00000000 00:00 0 
7fd944000000-7fd944021000 rw-p 00000000 00:00 0 
7fd944021000-7fd948000000 ---p 00000000 00:00 0 
7fd948000000-7fd948021000 rw-p 00000000 00:00 0 
7fd948021000-7fd94c000000 ---p 00000000 00:00 0 
7fd94c000000-7fd94c021000 rw-p 00000000 00:00 0 
7fd94c021000-7fd950000000 ---p 00000000 00:00 0 
7fd950000000-7fd950021000 rw-p 00000000 00:00 0 
7fd950021000-7fd954000000 ---p 00000000 00:00 0 
7fd954000000-7fd954021000 rw-p 00000000 00:00 0 
7fd954021000-7fd958000000 ---p 00000000 00:00 0 
7fd958000000-7fd958021000 rw-p 00000000 00:00 0 
7fd958021000-7fd95c000000 ---p 00000000 00:00 0 
7fd95c000000-7fd95c021000 rw-p 00000000 00:00 0 
7fd95c021000-7fd960000000 ---p 00000000 00:00 0 
7fd960000000-7fd9617d1000 rw-p 00000000 00:00 0 
7fd9617d1000-7fd964000000 ---p 00000000 00:00 0 
7fd964000000-7fd964034000 rw-p 00000000 00:00 0 
7fd964034000-7fd968000000 ---p 00000000 00:00 0 
7fd968000000-7fd968021000 rw-p 00000000 00:00 0 
7fd968021000-7fd96c000000 ---p 00000000 00:00 0 
7fd96c000000-7fd96c021000 rw-p 00000000 00:00 0 
7fd96c021000-7fd970000000 ---p 00000000 00:00 0 
7fd970000000-7fd970021000 rw-p 00000000 00:00 0 
7fd970021000-7fd974000000 ---p 00000000 00:00 0 
7fd974000000-7fd974021000 rw-p 00000000 00:00 0 
7fd974021000-7fd978000000 ---p 00000000 00:00 0 
7fd978000000-7fd978021000 rw-p 00000000 00:00 0 
7fd978021000-7fd97c000000 ---p 00000000 00:00 0 
7fd97c000000-7fd97c021000 rw-p 00000000 00:00 0 
7fd97c021000-7fd980000000 ---p 00000000 00:00 0 
7fd980000000-7fd980021000 rw-p 00000000 00:00 0 
7fd980021000-7fd984000000 ---p 00000000 00:00 0 
7fd984000000-7fd98441f000 rw-p 00000000 00:00 0 
7fd98441f000-7fd988000000 ---p 00000000 00:00 0 
7fd988000000-7fd98846d000 rw-p 00000000 00:00 0 
7fd98846d000-7fd98c000000 ---p 00000000 00:00 0 
7fd98c000000-7fd98c021000 rw-p 00000000 00:00 0 
7fd98c021000-7fd990000000 ---p 00000000 00:00 0 
7fd990000000-7fd990595000 rw-p 00000000 00:00 0 
7fd990595000-7fd994000000 ---p 00000000 00:00 0 
7fd994000000-7fd994021000 rw-p 00000000 00:00 0 
7fd994021000-7fd998000000 ---p 00000000 00:00 0 
7fd998000000-7fd998021000 rw-p 00000000 00:00 0 
7fd998021000-7fd99c000000 ---p 00000000 00:00 0 
7fd99c000000-7fd99c021000 rw-p 00000000 00:00 0 
7fd99c021000-7fd9a0000000 ---p 00000000 00:00 0 
7fd9a0000000-7fd9a028b000 rw-p 00000000 00:00 0 
7fd9a028b000-7fd9a4000000 ---p 00000000 00:00 0 
7fd9a4000000-7fd9a4021000 rw-p 00000000 00:00 0 
7fd9a4021000-7fd9a8000000 ---p 00000000 00:00 0 
7fd9a8f1c000-7fd9a8f9c000 rw-p 00000000 00:00 0 
7fd9a8f9c000-7fd9a911c000 ---p 00000000 00:00 0 
7fd9a911c000-7fd9a912f000 r--s 00344000 08:05 269122                     /usr/lib/jvm/java-8-oracle/jre/lib/resources.jar
7fd9a912f000-7fd9a9148000 r--s 000fc000 08:05 2240729                    /home/egorka/project/server.server/tomcat/apache-tomcat-9.0.0.M10/webapps/app/WEB-INF/lib/spring-context-4.3.2.RELEASE.jar
7fd9a9148000-7fd9a914b000 ---p 00000000 00:00 0 
7fd9a914b000-7fd9a9249000 rw-p 00000000 00:00 0                          [stack:20022]
7fd9a9249000-7fd9a924c000 ---p 00000000 00:00 0 
7fd9a924c000-7fd9a934a000 rw-p 00000000 00:00 0                          [stack:20017]
7fd9a934a000-7fd9a934d000 ---p 00000000 00:00 0 
7fd9a934d000-7fd9a944b000 rw-p 00000000 00:00 0                          [stack:20016]
7fd9a944b000-7fd9a944e000 ---p 00000000 00:00 0 
7fd9a944e000-7fd9a954c000 rw-p 00000000 00:00 0                          [stack:20015]
7fd9a954c000-7fd9a954f000 ---p 00000000 00:00 0 
7fd9a954f000-7fd9a964d000 rw-p 00000000 00:00 0                          [stack:20014]
7fd9a964d000-7fd9a9650000 ---p 00000000 00:00 0 
7fd9a9650000-7fd9a974e000 rw-p 00000000 00:00 0                          [stack:20013]
7fd9a974e000-7fd9a9751000 ---p 00000000 00:00 0 
7fd9a9751000-7fd9a984f000 rw-p 00000000 00:00 0                          [stack:20012]
7fd9a984f000-7fd9a9852000 ---p 00000000 00:00 0 
7fd9a9852000-7fd9a9950000 rw-p 00000000 00:00 0                          [stack:20011]
7fd9a9950000-7fd9a9953000 ---p 00000000 00:00 0 
7fd9a9953000-7fd9a9a51000 rw-p 00000000 00:00 0                          [stack:20010]
7fd9a9a51000-7fd9a9a54000 ---p 00000000 00:00 0 
7fd9a9a54000-7fd9a9b52000 rw-p 00000000 00:00 0                          [stack:20009]
7fd9a9b52000-7fd9a9b55000 ---p 00000000 00:00 0 
7fd9a9b55000-7fd9a9c53000 rw-p 00000000 00:00 0                          [stack:20008]
7fd9a9c53000-7fd9a9c56000 ---p 00000000 00:00 0 
7fd9a9c56000-7fd9a9f54000 rw-p 00000000 00:00 0                          [stack:20006]
7fd9a9f54000-7fd9a9f57000 ---p 00000000 00:00 0 
7fd9a9f57000-7fd9aa055000 rw-p 00000000 00:00 0                          [stack:20005]
7fd9aa055000-7fd9aa058000 ---p 00000000 00:00 0 
7fd9aa058000-7fd9aa156000 rw-p 00000000 00:00 0                          [stack:20002]
7fd9aa156000-7fd9aa159000 ---p 00000000 00:00 0 
7fd9aa159000-7fd9aa257000 rw-p 00000000 00:00 0                          [stack:20000]
7fd9aa257000-7fd9aa26d000 r-xp 00000000 08:05 2097157                    /lib/x86_64-linux-gnu/libgcc_s.so.1
7fd9aa26d000-7fd9aa46c000 ---p 00016000 08:05 2097157                    /lib/x86_64-linux-gnu/libgcc_s.so.1
7fd9aa46c000-7fd9aa46d000 rw-p 00015000 08:05 2097157                    /lib/x86_64-linux-gnu/libgcc_s.so.1
7fd9aa46d000-7fd9aa49f000 r-xp 00000000 08:05 269038                     /usr/lib/jvm/java-8-oracle/jre/lib/amd64/libsunec.so
7fd9aa49f000-7fd9aa69e000 ---p 00032000 08:05 269038                     /usr/lib/jvm/java-8-oracle/jre/lib/amd64/libsunec.so
7fd9aa69e000-7fd9aa6a4000 rw-p 00031000 08:05 269038                     /usr/lib/jvm/java-8-oracle/jre/lib/amd64/libsunec.so
7fd9aa6a4000-7fd9aa8b4000 rw-p 00000000 00:00 0 
7fd9aa8b4000-7fd9aa8b7000 ---p 00000000 00:00 0 
7fd9aa8b7000-7fd9aa9b5000 rw-p 00000000 00:00 0                          [stack:19999]
7fd9aa9b5000-7fd9aa9b8000 ---p 00000000 00:00 0 
7fd9aa9b8000-7fd9aacb6000 rw-p 00000000 00:00 0                          [stack:19998]
7fd9aacb6000-7fd9aacb7000 ---p 00000000 00:00 0 
7fd9aacb7000-7fd9aadb7000 rw-p 00000000 00:00 0                          [stack:19995]
7fd9aadb7000-7fd9aadba000 ---p 00000000 00:00 0 
7fd9aadba000-7fd9aaeb8000 rw-p 00000000 00:00 0                          [stack:19994]
7fd9aaeb8000-7fd9aaebb000 ---p 00000000 00:00 0 
7fd9aaebb000-7fd9aafb9000 rw-p 00000000 00:00 0                          [stack:19993]
7fd9aafb9000-7fd9aafbc000 ---p 00000000 00:00 0 
7fd9aafbc000-7fd9ab0ba000 rw-p 00000000 00:00 0                          [stack:19992]
7fd9ab0ba000-7fd9ab0cb000 r-xp 00000000 08:05 268994                     /usr/lib/jvm/java-8-oracle/jre/lib/amd64/libnio.so
7fd9ab0cb000-7fd9ab2ca000 ---p 00011000 08:05 268994                     /usr/lib/jvm/java-8-oracle/jre/lib/amd64/libnio.so
7fd9ab2ca000-7fd9ab2cb000 rw-p 00010000 08:05 268994                     /usr/lib/jvm/java-8-oracle/jre/lib/amd64/libnio.so
7fd9ab2cb000-7fd9ab2e1000 r-xp 00000000 08:05 268997                     /usr/lib/jvm/java-8-oracle/jre/lib/amd64/libnet.so
7fd9ab2e1000-7fd9ab4e1000 ---p 00016000 08:05 268997                     /usr/lib/jvm/java-8-oracle/jre/lib/amd64/libnet.so
7fd9ab4e1000-7fd9ab4e2000 rw-p 00016000 08:05 268997                     /usr/lib/jvm/java-8-oracle/jre/lib/amd64/libnet.so
7fd9ab4e2000-7fd9ab4eb000 r-xp 00000000 08:05 266831                     /usr/lib/jvm/java-8-oracle/jre/lib/amd64/libmanagement.so
7fd9ab4eb000-7fd9ab6ea000 ---p 00009000 08:05 266831                     /usr/lib/jvm/java-8-oracle/jre/lib/amd64/libmanagement.so
7fd9ab6ea000-7fd9ab6eb000 rw-p 00008000 08:05 266831                     /usr/lib/jvm/java-8-oracle/jre/lib/amd64/libmanagement.so
7fd9ab6eb000-7fd9ab6ee000 ---p 00000000 00:00 0 
7fd9ab6ee000-7fd9ab7ec000 rw-p 00000000 00:00 0                          [stack:19991]
7fd9ab7ec000-7fd9ac000000 r--p 00000000 08:05 270298                     /usr/lib/locale/locale-archive
7fd9ac000000-7fd9ac021000 rw-p 00000000 00:00 0 
7fd9ac021000-7fd9b0000000 ---p 00000000 00:00 0 
7fd9b0008000-7fd9b000e000 r--s 002f8000 08:05 269040                     /usr/lib/jvm/java-8-oracle/jre/lib/charsets.jar
7fd9b000e000-7fd9b0011000 r--s 00015000 08:05 2240730                    /home/egorka/project/server.server/tomcat/apache-tomcat-9.0.0.M10/webapps/app/WEB-INF/lib/javax.servlet-api-3.1.0.jar
7fd9b0011000-7fd9b0016000 r--s 0003c000 08:05 2240727                    /home/egorka/project/server.server/tomcat/apache-tomcat-9.0.0.M10/webapps/app/WEB-INF/lib/spring-expression-4.3.2.RELEASE.jar
7fd9b0016000-7fd9b0028000 r--s 000b5000 08:05 2240726                    /home/egorka/project/server.server/tomcat/apache-tomcat-9.0.0.M10/webapps/app/WEB-INF/lib/spring-web-4.3.2.RELEASE.jar
7fd9b0028000-7fd9b003a000 r--s 000ce000 08:05 2240724                    /home/egorka/project/server.server/tomcat/apache-tomcat-9.0.0.M10/webapps/app/WEB-INF/lib/spring-webmvc-4.3.2.RELEASE.jar
7fd9b003a000-7fd9b0050000 r--s 000f9000 08:05 2240723                    /home/egorka/project/server.server/tomcat/apache-tomcat-9.0.0.M10/webapps/app/WEB-INF/lib/spring-core-4.3.1.RELEASE.jar
7fd9b0050000-7fd9b0053000 ---p 00000000 00:00 0 
7fd9b0053000-7fd9b0151000 rw-p 00000000 00:00 0                          [stack:19988]
7fd9b0151000-7fd9b0154000 ---p 00000000 00:00 0 
7fd9b0154000-7fd9b0252000 rw-p 00000000 00:00 0                          [stack:19986]
7fd9b0252000-7fd9b0255000 ---p 00000000 00:00 0 
7fd9b0255000-7fd9b0353000 rw-p 00000000 00:00 0                          [stack:19983]
7fd9b0353000-7fd9b0356000 ---p 00000000 00:00 0 
7fd9b0356000-7fd9b0454000 rw-p 00000000 00:00 0                          [stack:19982]
7fd9b0454000-7fd9b0457000 ---p 00000000 00:00 0 
7fd9b0457000-7fd9b0555000 rw-p 00000000 00:00 0                          [stack:19979]
7fd9b0555000-7fd9b0558000 ---p 00000000 00:00 0 
7fd9b0558000-7fd9b0656000 rw-p 00000000 00:00 0                          [stack:19978]
7fd9b0656000-7fd9b0659000 ---p 00000000 00:00 0 
7fd9b0659000-7fd9b0757000 rw-p 00000000 00:00 0                          [stack:19975]
7fd9b0757000-7fd9b0758000 ---p 00000000 00:00 0 
7fd9b0758000-7fd9b1767000 rw-p 00000000 00:00 0                          [stack:19974]
7fd9b1767000-7fd9b1940000 r--s 03d1f000 08:05 269297                     /usr/lib/jvm/java-8-oracle/jre/lib/rt.jar
7fd9b1940000-7fd9b4000000 rw-p 00000000 00:00 0 
7fd9b4000000-7fd9b4021000 rw-p 00000000 00:00 0 
7fd9b4021000-7fd9b8000000 ---p 00000000 00:00 0 
7fd9b8001000-7fd9b8003000 r--s 0000e000 08:05 2240728                    /home/egorka/project/server.server/tomcat/apache-tomcat-9.0.0.M10/webapps/app/WEB-INF/lib/commons-logging-1.2.jar
7fd9b8003000-7fd9b8010000 r--s 000ac000 08:05 2240725                    /home/egorka/project/server.server/tomcat/apache-tomcat-9.0.0.M10/webapps/app/WEB-INF/lib/spring-beans-4.3.2.RELEASE.jar
7fd9b8010000-7fd9b8019000 r--s 00054000 08:05 2240722                    /home/egorka/project/server.server/tomcat/apache-tomcat-9.0.0.M10/webapps/app/WEB-INF/lib/spring-aop-4.3.2.RELEASE.jar
7fd9b8019000-7fd9b8020000 r--s 00000000 08:05 525731                     /usr/lib/x86_64-linux-gnu/gconv/gconv-modules.cache
7fd9b8020000-7fd9b804f000 r--p 00000000 08:05 666262                     /usr/share/locale-langpack/ru/LC_MESSAGES/libc.mo
7fd9b804f000-7fd9b8055000 r--s 0003f000 08:05 269253                     /usr/lib/jvm/java-8-oracle/jre/lib/ext/sunjce_provider.jar
7fd9b8055000-7fd9b8059000 r--s 0003a000 08:05 269255                     /usr/lib/jvm/java-8-oracle/jre/lib/ext/sunpkcs11.jar
7fd9b8059000-7fd9b805c000 r--s 0001a000 08:05 269251                     /usr/lib/jvm/java-8-oracle/jre/lib/jce.jar
7fd9b805c000-7fd9b805f000 r--s 0000e000 08:05 2116353                    /home/egorka/project/server.server/tomcat/apache-tomcat-9.0.0.M10/lib/tomcat-i18n-es.jar
7fd9b805f000-7fd9b8061000 r--s 00009000 08:05 2116355                    /home/egorka/project/server.server/tomcat/apache-tomcat-9.0.0.M10/lib/tomcat-i18n-ja.jar
7fd9b8061000-7fd9b8063000 r--s 00011000 08:05 2116340                    /home/egorka/project/server.server/tomcat/apache-tomcat-9.0.0.M10/lib/catalina-storeconfig.jar
7fd9b8063000-7fd9b806e000 r--s 000ac000 08:05 2116351                    /home/egorka/project/server.server/tomcat/apache-tomcat-9.0.0.M10/lib/tomcat-coyote.jar
7fd9b806e000-7fd9b8072000 r--s 0002f000 08:05 2116358                    /home/egorka/project/server.server/tomcat/apache-tomcat-9.0.0.M10/lib/tomcat-util-scan.jar
7fd9b8072000-7fd9b8079000 r--s 00089000 08:05 2116346                    /home/egorka/project/server.server/tomcat/apache-tomcat-9.0.0.M10/lib/jasper.jar
7fd9b8079000-7fd9b807b000 r--s 00005000 08:05 2116347                    /home/egorka/project/server.server/tomcat/apache-tomcat-9.0.0.M10/lib/jaspic-api.jar
7fd9b807b000-7fd9b808e000 r--s 0016f000 08:05 2116342                    /home/egorka/project/server.server/tomcat/apache-tomcat-9.0.0.M10/lib/catalina.jar
7fd9b808e000-7fd9b8091000 r--s 0000d000 08:05 2116348                    /home/egorka/project/server.server/tomcat/apache-tomcat-9.0.0.M10/lib/jsp-api.jar
7fd9b8091000-7fd9b8095000 r--s 0001c000 08:05 2116359                    /home/egorka/project/server.server/tomcat/apache-tomcat-9.0.0.M10/lib/tomcat-util.jar
7fd9b8095000-7fd9b8099000 r--s 0003a000 08:05 2116352                    /home/egorka/project/server.server/tomcat/apache-tomcat-9.0.0.M10/lib/tomcat-dbcp.jar
7fd9b8099000-7fd9b809c000 r--s 0001b000 08:05 2116339                    /home/egorka/project/server.server/tomcat/apache-tomcat-9.0.0.M10/lib/catalina-ha.jar
7fd9b809c000-7fd9b809e000 r--s 00012000 08:05 2116344                    /home/egorka/project/server.server/tomcat/apache-tomcat-9.0.0.M10/lib/el-api.jar
7fd9b809e000-7fd9b80a1000 r--s 00025000 08:05 2116345                    /home/egorka/project/server.server/tomcat/apache-tomcat-9.0.0.M10/lib/jasper-el.jar
7fd9b80a1000-7fd9b80a5000 r--s 00040000 08:05 2116349                    /home/egorka/project/server.server/tomcat/apache-tomcat-9.0.0.M10/lib/servlet-api.jar
7fd9b80a5000-7fd9b80a7000 r--s 00020000 08:05 2116356                    /home/egorka/project/server.server/tomcat/apache-tomcat-9.0.0.M10/lib/tomcat-jdbc.jar
7fd9b80a7000-7fd9b80a9000 r--s 00003000 08:05 2116337                    /home/egorka/project/server.server/tomcat/apache-tomcat-9.0.0.M10/lib/annotations-api.jar
7fd9b80a9000-7fd9b80ab000 r--s 0000c000 08:05 2116338                    /home/egorka/project/server.server/tomcat/apache-tomcat-9.0.0.M10/lib/catalina-ant.jar
7fd9b80ab000-7fd9b80be000 r--s 00236000 08:05 2116343                    /home/egorka/project/server.server/tomcat/apache-tomcat-9.0.0.M10/lib/ecj-4.5.1.jar
7fd9b80be000-7fd9b82ec000 rw-p 00000000 00:00 0 
7fd9b82ec000-7fd9b82ed000 ---p 00000000 00:00 0 
7fd9b82ed000-7fd9b83ed000 rw-p 00000000 00:00 0                          [stack:19972]
7fd9b83ed000-7fd9b83ee000 ---p 00000000 00:00 0 
7fd9b83ee000-7fd9b84ee000 rw-p 00000000 00:00 0                          [stack:19971]
7fd9b84ee000-7fd9b84ef000 ---p 00000000 00:00 0 
7fd9b84ef000-7fd9b85ef000 rw-p 00000000 00:00 0                          [stack:19967]
7fd9b85ef000-7fd9b85f0000 ---p 00000000 00:00 0 
7fd9b85f0000-7fd9b8705000 rw-p 00000000 00:00 0                          [stack:19965]
7fd9b8705000-7fd9b8838000 ---p 00000000 00:00 0 
7fd9b8838000-7fd9b884d000 rw-p 00000000 00:00 0 
7fd9b884d000-7fd9b8980000 ---p 00000000 00:00 0 
7fd9b8980000-7fd9b89a2000 rw-p 00000000 00:00 0 
7fd9b89a2000-7fd9b8a24000 ---p 00000000 00:00 0 
7fd9b8a24000-7fd9b8a3d000 rw-p 00000000 00:00 0 
7fd9b8a3d000-7fd9b8de5000 ---p 00000000 00:00 0 
7fd9b8de5000-7fd9b93e5000 rwxp 00000000 00:00 0 
7fd9b93e5000-7fd9c7de5000 ---p 00000000 00:00 0 
7fd9c7de5000-7fd9c7dff000 r-xp 00000000 08:05 269030                     /usr/lib/jvm/java-8-oracle/jre/lib/amd64/libzip.so
7fd9c7dff000-7fd9c7fff000 ---p 0001a000 08:05 269030                     /usr/lib/jvm/java-8-oracle/jre/lib/amd64/libzip.so
7fd9c7fff000-7fd9c8000000 rw-p 0001a000 08:05 269030                     /usr/lib/jvm/java-8-oracle/jre/lib/amd64/libzip.so
7fd9c8000000-7fd9c84f4000 rw-p 00000000 00:00 0 
7fd9c84f4000-7fd9cc000000 ---p 00000000 00:00 0 
7fd9cc000000-7fd9cc002000 r--s 00007000 08:05 2116361                    /home/egorka/project/server.server/tomcat/apache-tomcat-9.0.0.M10/lib/websocket-api.jar
7fd9cc002000-7fd9cc007000 r--s 0003d000 08:05 2116341                    /home/egorka/project/server.server/tomcat/apache-tomcat-9.0.0.M10/lib/catalina-tribes.jar
7fd9cc007000-7fd9cc011000 r--s 00116000 08:05 269258                     /usr/lib/jvm/java-8-oracle/jre/lib/ext/localedata.jar
7fd9cc011000-7fd9cc0f7000 rw-p 00000000 00:00 0 
7fd9cc0f7000-7fd9cc102000 r-xp 00000000 08:05 2101231                    /lib/x86_64-linux-gnu/libnss_files-2.19.so
7fd9cc102000-7fd9cc301000 ---p 0000b000 08:05 2101231                    /lib/x86_64-linux-gnu/libnss_files-2.19.so
7fd9cc301000-7fd9cc302000 r--p 0000a000 08:05 2101231                    /lib/x86_64-linux-gnu/libnss_files-2.19.so
7fd9cc302000-7fd9cc303000 rw-p 0000b000 08:05 2101231                    /lib/x86_64-linux-gnu/libnss_files-2.19.so
7fd9cc303000-7fd9cc30e000 r-xp 00000000 08:05 2097250                    /lib/x86_64-linux-gnu/libnss_nis-2.19.so
7fd9cc30e000-7fd9cc50d000 ---p 0000b000 08:05 2097250                    /lib/x86_64-linux-gnu/libnss_nis-2.19.so
7fd9cc50d000-7fd9cc50e000 r--p 0000a000 08:05 2097250                    /lib/x86_64-linux-gnu/libnss_nis-2.19.so
7fd9cc50e000-7fd9cc50f000 rw-p 0000b000 08:05 2097250                    /lib/x86_64-linux-gnu/libnss_nis-2.19.so
7fd9cc50f000-7fd9cc526000 r-xp 00000000 08:05 2097246                    /lib/x86_64-linux-gnu/libnsl-2.19.so
7fd9cc526000-7fd9cc725000 ---p 00017000 08:05 2097246                    /lib/x86_64-linux-gnu/libnsl-2.19.so
7fd9cc725000-7fd9cc726000 r--p 00016000 08:05 2097246                    /lib/x86_64-linux-gnu/libnsl-2.19.so
7fd9cc726000-7fd9cc727000 rw-p 00017000 08:05 2097246                    /lib/x86_64-linux-gnu/libnsl-2.19.so
7fd9cc727000-7fd9cc729000 rw-p 00000000 00:00 0 
7fd9cc729000-7fd9cc732000 r-xp 00000000 08:05 2097245                    /lib/x86_64-linux-gnu/libnss_compat-2.19.so
7fd9cc732000-7fd9cc931000 ---p 00009000 08:05 2097245                    /lib/x86_64-linux-gnu/libnss_compat-2.19.so
7fd9cc931000-7fd9cc932000 r--p 00008000 08:05 2097245                    /lib/x86_64-linux-gnu/libnss_compat-2.19.so
7fd9cc932000-7fd9cc933000 rw-p 00009000 08:05 2097245                    /lib/x86_64-linux-gnu/libnss_compat-2.19.so
7fd9cc933000-7fd9cc95d000 r-xp 00000000 08:05 269006                     /usr/lib/jvm/java-8-oracle/jre/lib/amd64/libjava.so
7fd9cc95d000-7fd9ccb5d000 ---p 0002a000 08:05 269006                     /usr/lib/jvm/java-8-oracle/jre/lib/amd64/libjava.so
7fd9ccb5d000-7fd9ccb5f000 rw-p 0002a000 08:05 269006                     /usr/lib/jvm/java-8-oracle/jre/lib/amd64/libjava.so
7fd9ccb5f000-7fd9ccb6c000 r-xp 00000000 08:05 266822                     /usr/lib/jvm/java-8-oracle/jre/lib/amd64/libverify.so
7fd9ccb6c000-7fd9ccd6c000 ---p 0000d000 08:05 266822                     /usr/lib/jvm/java-8-oracle/jre/lib/amd64/libverify.so
7fd9ccd6c000-7fd9ccd6e000 rw-p 0000d000 08:05 266822                     /usr/lib/jvm/java-8-oracle/jre/lib/amd64/libverify.so
7fd9ccd6e000-7fd9ccd75000 r-xp 00000000 08:05 2097254                    /lib/x86_64-linux-gnu/librt-2.19.so
7fd9ccd75000-7fd9ccf74000 ---p 00007000 08:05 2097254                    /lib/x86_64-linux-gnu/librt-2.19.so
7fd9ccf74000-7fd9ccf75000 r--p 00006000 08:05 2097254                    /lib/x86_64-linux-gnu/librt-2.19.so
7fd9ccf75000-7fd9ccf76000 rw-p 00007000 08:05 2097254                    /lib/x86_64-linux-gnu/librt-2.19.so
7fd9ccf76000-7fd9cd07b000 r-xp 00000000 08:05 2097182                    /lib/x86_64-linux-gnu/libm-2.19.so
7fd9cd07b000-7fd9cd27a000 ---p 00105000 08:05 2097182                    /lib/x86_64-linux-gnu/libm-2.19.so
7fd9cd27a000-7fd9cd27b000 r--p 00104000 08:05 2097182                    /lib/x86_64-linux-gnu/libm-2.19.so
7fd9cd27b000-7fd9cd27c000 rw-p 00105000 08:05 2097182                    /lib/x86_64-linux-gnu/libm-2.19.so
7fd9cd27c000-7fd9cdf3c000 r-xp 00000000 08:05 269023                     /usr/lib/jvm/java-8-oracle/jre/lib/amd64/server/libjvm.so
7fd9cdf3c000-7fd9ce13c000 ---p 00cc0000 08:05 269023                     /usr/lib/jvm/java-8-oracle/jre/lib/amd64/server/libjvm.so
7fd9ce13c000-7fd9ce214000 rw-p 00cc0000 08:05 269023                     /usr/lib/jvm/java-8-oracle/jre/lib/amd64/server/libjvm.so
7fd9ce214000-7fd9ce25f000 rw-p 00000000 00:00 0 
7fd9ce25f000-7fd9ce41a000 r-xp 00000000 08:05 2097255                    /lib/x86_64-linux-gnu/libc-2.19.so
7fd9ce41a000-7fd9ce619000 ---p 001bb000 08:05 2097255                    /lib/x86_64-linux-gnu/libc-2.19.so
7fd9ce619000-7fd9ce61d000 r--p 001ba000 08:05 2097255                    /lib/x86_64-linux-gnu/libc-2.19.so
7fd9ce61d000-7fd9ce61f000 rw-p 001be000 08:05 2097255                    /lib/x86_64-linux-gnu/libc-2.19.so
7fd9ce61f000-7fd9ce624000 rw-p 00000000 00:00 0 
7fd9ce624000-7fd9ce627000 r-xp 00000000 08:05 2097242                    /lib/x86_64-linux-gnu/libdl-2.19.so
7fd9ce627000-7fd9ce826000 ---p 00003000 08:05 2097242                    /lib/x86_64-linux-gnu/libdl-2.19.so
7fd9ce826000-7fd9ce827000 r--p 00002000 08:05 2097242                    /lib/x86_64-linux-gnu/libdl-2.19.so
7fd9ce827000-7fd9ce828000 rw-p 00003000 08:05 2097242                    /lib/x86_64-linux-gnu/libdl-2.19.so
7fd9ce828000-7fd9ce83d000 r-xp 00000000 08:05 269314                     /usr/lib/jvm/java-8-oracle/lib/amd64/jli/libjli.so
7fd9ce83d000-7fd9cea3d000 ---p 00015000 08:05 269314                     /usr/lib/jvm/java-8-oracle/lib/amd64/jli/libjli.so
7fd9cea3d000-7fd9cea3e000 rw-p 00015000 08:05 269314                     /usr/lib/jvm/java-8-oracle/lib/amd64/jli/libjli.so
7fd9cea3e000-7fd9cea57000 r-xp 00000000 08:05 2097247                    /lib/x86_64-linux-gnu/libpthread-2.19.so
7fd9cea57000-7fd9cec56000 ---p 00019000 08:05 2097247                    /lib/x86_64-linux-gnu/libpthread-2.19.so
7fd9cec56000-7fd9cec57000 r--p 00018000 08:05 2097247                    /lib/x86_64-linux-gnu/libpthread-2.19.so
7fd9cec57000-7fd9cec58000 rw-p 00019000 08:05 2097247                    /lib/x86_64-linux-gnu/libpthread-2.19.so
7fd9cec58000-7fd9cec5c000 rw-p 00000000 00:00 0 
7fd9cec5c000-7fd9cec7f000 r-xp 00000000 08:05 2097248                    /lib/x86_64-linux-gnu/ld-2.19.so
7fd9cec7f000-7fd9cec80000 rw-p 00000000 00:00 0 
7fd9cec80000-7fd9cec82000 r--s 00007000 08:05 2116357                    /home/egorka/project/server.server/tomcat/apache-tomcat-9.0.0.M10/lib/tomcat-jni.jar
7fd9cec82000-7fd9ced5b000 rw-p 00000000 00:00 0 
7fd9ced5b000-7fd9ced5e000 ---p 00000000 00:00 0 
7fd9ced5e000-7fd9cee60000 rw-p 00000000 00:00 0                          [stack:19964]
7fd9cee60000-7fd9cee61000 r--s 00009000 08:05 269260                     /usr/lib/jvm/java-8-oracle/jre/lib/ext/sunec.jar
7fd9cee61000-7fd9cee63000 r--s 00008000 08:05 2116354                    /home/egorka/project/server.server/tomcat/apache-tomcat-9.0.0.M10/lib/tomcat-i18n-fr.jar
7fd9cee63000-7fd9cee64000 r--s 00002000 08:05 2116350                    /home/egorka/project/server.server/tomcat/apache-tomcat-9.0.0.M10/lib/tomcat-api.jar
7fd9cee64000-7fd9cee69000 r--s 0002f000 08:05 2116360                    /home/egorka/project/server.server/tomcat/apache-tomcat-9.0.0.M10/lib/tomcat-websocket.jar
7fd9cee69000-7fd9cee6d000 r--s 00097000 08:05 269249                     /usr/lib/jvm/java-8-oracle/jre/lib/jsse.jar
7fd9cee6d000-7fd9cee6f000 r--s 00009000 08:05 2116333                    /home/egorka/project/server.server/tomcat/apache-tomcat-9.0.0.M10/bin/tomcat-juli.jar
7fd9cee6f000-7fd9cee70000 r--s 00005000 08:05 2116327                    /home/egorka/project/server.server/tomcat/apache-tomcat-9.0.0.M10/bin/commons-daemon.jar
7fd9cee70000-7fd9cee72000 r--s 00006000 08:05 2116323                    /home/egorka/project/server.server/tomcat/apache-tomcat-9.0.0.M10/bin/bootstrap.jar
7fd9cee72000-7fd9cee7a000 rw-s 00000000 08:05 2903193                    /tmp/hsperfdata_egorka/19958
7fd9cee7a000-7fd9cee7b000 rw-p 00000000 00:00 0 
7fd9cee7b000-7fd9cee7c000 ---p 00000000 00:00 0 
7fd9cee7c000-7fd9cee7e000 rw-p 00000000 00:00 0 
7fd9cee7e000-7fd9cee7f000 r--p 00022000 08:05 2097248                    /lib/x86_64-linux-gnu/ld-2.19.so
7fd9cee7f000-7fd9cee80000 rw-p 00023000 08:05 2097248                    /lib/x86_64-linux-gnu/ld-2.19.so
7fd9cee80000-7fd9cee81000 rw-p 00000000 00:00 0 
7ffc44a6c000-7ffc44a8e000 rw-p 00000000 00:00 0                          [stack]
7ffc44b2f000-7ffc44b31000 r-xp 00000000 00:00 0                          [vdso]
ffffffffff600000-ffffffffff601000 r-xp 00000000 00:00 0                  [vsyscall]

VM Arguments:
jvm_args: -Djava.util.logging.config.file=/home/egorka/.IntelliJIdea15/system/tomcat/Unnamed_server_server/conf/logging.properties -Djava.util.logging.manager=org.apache.juli.ClassLoaderLogManager -Dcom.sun.management.jmxremote= -Dcom.sun.management.jmxremote.port=1099 -Dcom.sun.management.jmxremote.ssl=false -Dcom.sun.management.jmxremote.authenticate=false -Djava.rmi.server.hostname=127.0.0.1 -Djdk.tls.ephemeralDHKeySize=2048 -Dcatalina.base=/home/egorka/.IntelliJIdea15/system/tomcat/Unnamed_server_server -Dcatalina.home=/home/egorka/project/server.server/tomcat/apache-tomcat-9.0.0.M10 -Djava.io.tmpdir=/home/egorka/project/server.server/tomcat/apache-tomcat-9.0.0.M10/temp 
java_command: org.apache.catalina.startup.Bootstrap start
java_class_path (initial): /home/egorka/project/server.server/tomcat/apache-tomcat-9.0.0.M10/bin/bootstrap.jar:/home/egorka/project/server.server/tomcat/apache-tomcat-9.0.0.M10/bin/tomcat-juli.jar
Launcher Type: SUN_STANDARD

Environment Variables:
JAVA_HOME=/usr/lib/jvm/java-8-oracle
JRE_HOME=/usr/lib/jvm/java-8-oracle
CLASSPATH=/home/egorka/project/server.server/tomcat/apache-tomcat-9.0.0.M10/bin/bootstrap.jar:/home/egorka/project/server.server/tomcat/apache-tomcat-9.0.0.M10/bin/tomcat-juli.jar
PATH=/home/egorka/.rvm/gems/ruby-2.2.1/bin:/home/egorka/.rvm/gems/ruby-2.2.1@global/bin:/home/egorka/.rvm/rubies/ruby-2.2.1/bin:/usr/local/sbin:/usr/local/bin:/usr/sbin:/usr/bin:/sbin:/bin:/usr/games:/usr/local/games:/home/egorka/.rvm/bin
LD_LIBRARY_PATH=/home/egorka/idea/idea-IU-143.2332.3/bin:
SHELL=/bin/bash
DISPLAY=:0

Signal Handlers:
SIGSEGV: [libjvm.so+0xabca10], sa_mask[0]=11111111011111111101111111111110, sa_flags=SA_RESTART|SA_SIGINFO
SIGBUS: [libjvm.so+0xabca10], sa_mask[0]=11111111011111111101111111111110, sa_flags=SA_RESTART|SA_SIGINFO
SIGFPE: [libjvm.so+0x919a20], sa_mask[0]=11111111011111111101111111111110, sa_flags=SA_RESTART|SA_SIGINFO
SIGPIPE: [libjvm.so+0x919a20], sa_mask[0]=11111111011111111101111111111110, sa_flags=SA_RESTART|SA_SIGINFO
SIGXFSZ: [libjvm.so+0x919a20], sa_mask[0]=11111111011111111101111111111110, sa_flags=SA_RESTART|SA_SIGINFO
SIGILL: [libjvm.so+0x919a20], sa_mask[0]=11111111011111111101111111111110, sa_flags=SA_RESTART|SA_SIGINFO
SIGUSR1: SIG_DFL, sa_mask[0]=00000000000000000000000000000000, sa_flags=none
SIGUSR2: [libjvm.so+0x91b050], sa_mask[0]=00100000000000000000000000000000, sa_flags=SA_RESTART|SA_SIGINFO
SIGHUP: [libjvm.so+0x91c450], sa_mask[0]=11111111011111111101111111111110, sa_flags=SA_RESTART|SA_SIGINFO
SIGINT: [libjvm.so+0x91c450], sa_mask[0]=11111111011111111101111111111110, sa_flags=SA_RESTART|SA_SIGINFO
SIGTERM: [libjvm.so+0x91c450], sa_mask[0]=11111111011111111101111111111110, sa_flags=SA_RESTART|SA_SIGINFO
SIGQUIT: [libjvm.so+0x91c450], sa_mask[0]=11111111011111111101111111111110, sa_flags=SA_RESTART|SA_SIGINFO


---------------  S Y S T E M  ---------------

OS:DISTRIB_ID=Ubuntu
DISTRIB_RELEASE=14.04
DISTRIB_CODENAME=trusty
DISTRIB_DESCRIPTION="Ubuntu 14.04.4 LTS"

uname:Linux 3.13.0-86-generic #131-Ubuntu SMP Thu May 12 23:33:13 UTC 2016 x86_64
libc:glibc 2.19 NPTL 2.19 
rlimit: STACK 8192k, CORE 0k, NPROC 31263, NOFILE 4096, AS infinity
load average:7,57 3,28 1,74

/proc/meminfo:
MemTotal:        4023348 kB
MemFree:          241704 kB
Buffers:             576 kB
Cached:            87544 kB
SwapCached:         7156 kB
Active:          2535228 kB
Inactive:         970648 kB
Active(anon):    2533512 kB
Inactive(anon):   944816 kB
Active(file):       1716 kB
Inactive(file):    25832 kB
Unevictable:         136 kB
Mlocked:             136 kB
SwapTotal:       4168700 kB
SwapFree:         207768 kB
Dirty:                16 kB
Writeback:             8 kB
AnonPages:       3412348 kB
Mapped:            24360 kB
Shmem:             59764 kB
Slab:              84856 kB
SReclaimable:      30212 kB
SUnreclaim:        54644 kB
KernelStack:        9584 kB
PageTables:        79352 kB
NFS_Unstable:          0 kB
Bounce:                0 kB
WritebackTmp:          0 kB
CommitLimit:     6180372 kB
Committed_AS:   16176912 kB
VmallocTotal:   34359738367 kB
VmallocUsed:      132796 kB
VmallocChunk:   34359547300 kB
HardwareCorrupted:     0 kB
AnonHugePages:    372736 kB
HugePages_Total:       0
HugePages_Free:        0
HugePages_Rsvd:        0
HugePages_Surp:        0
Hugepagesize:       2048 kB
DirectMap4k:       76968 kB
DirectMap2M:     4093952 kB


CPU:total 4 (2 cores per cpu, 2 threads per core) family 6 model 42 stepping 7, cmov, cx8, fxsr, mmx, sse, sse2, sse3, ssse3, sse4.1, sse4.2, popcnt, avx, aes, clmul, ht, tsc, tscinvbit

/proc/cpuinfo:
processor	: 0
vendor_id	: GenuineIntel
cpu family	: 6
model		: 42
model name	: Intel(R) Core(TM) i5-2430M CPU @ 2.40GHz
stepping	: 7
microcode	: 0x1b
cpu MHz		: 2401.000
cache size	: 3072 KB
physical id	: 0
siblings	: 4
core id		: 0
cpu cores	: 2
apicid		: 0
initial apicid	: 0
fpu		: yes
fpu_exception	: yes
cpuid level	: 13
wp		: yes
flags		: fpu vme de pse tsc msr pae mce cx8 apic sep mtrr pge mca cmov pat pse36 clflush dts acpi mmx fxsr sse sse2 ss ht tm pbe syscall nx rdtscp lm constant_tsc arch_perfmon pebs bts rep_good nopl xtopology nonstop_tsc aperfmperf eagerfpu pni pclmulqdq dtes64 monitor ds_cpl vmx est tm2 ssse3 cx16 xtpr pdcm pcid sse4_1 sse4_2 x2apic popcnt tsc_deadline_timer aes xsave avx lahf_lm ida arat epb xsaveopt pln pts dtherm tpr_shadow vnmi flexpriority ept vpid
bogomips	: 4788.98
clflush size	: 64
cache_alignment	: 64
address sizes	: 36 bits physical, 48 bits virtual
power management:

processor	: 1
vendor_id	: GenuineIntel
cpu family	: 6
model		: 42
model name	: Intel(R) Core(TM) i5-2430M CPU @ 2.40GHz
stepping	: 7
microcode	: 0x1b
cpu MHz		: 2401.000
cache size	: 3072 KB
physical id	: 0
siblings	: 4
core id		: 1
cpu cores	: 2
apicid		: 2
initial apicid	: 2
fpu		: yes
fpu_exception	: yes
cpuid level	: 13
wp		: yes
flags		: fpu vme de pse tsc msr pae mce cx8 apic sep mtrr pge mca cmov pat pse36 clflush dts acpi mmx fxsr sse sse2 ss ht tm pbe syscall nx rdtscp lm constant_tsc arch_perfmon pebs bts rep_good nopl xtopology nonstop_tsc aperfmperf eagerfpu pni pclmulqdq dtes64 monitor ds_cpl vmx est tm2 ssse3 cx16 xtpr pdcm pcid sse4_1 sse4_2 x2apic popcnt tsc_deadline_timer aes xsave avx lahf_lm ida arat epb xsaveopt pln pts dtherm tpr_shadow vnmi flexpriority ept vpid
bogomips	: 4788.98
clflush size	: 64
cache_alignment	: 64
address sizes	: 36 bits physical, 48 bits virtual
power management:

processor	: 2
vendor_id	: GenuineIntel
cpu family	: 6
model		: 42
model name	: Intel(R) Core(TM) i5-2430M CPU @ 2.40GHz
stepping	: 7
microcode	: 0x1b
cpu MHz		: 2401.000
cache size	: 3072 KB
physical id	: 0
siblings	: 4
core id		: 0
cpu cores	: 2
apicid		: 1
initial apicid	: 1
fpu		: yes
fpu_exception	: yes
cpuid level	: 13
wp		: yes
flags		: fpu vme de pse tsc msr pae mce cx8 apic sep mtrr pge mca cmov pat pse36 clflush dts acpi mmx fxsr sse sse2 ss ht tm pbe syscall nx rdtscp lm constant_tsc arch_perfmon pebs bts rep_good nopl xtopology nonstop_tsc aperfmperf eagerfpu pni pclmulqdq dtes64 monitor ds_cpl vmx est tm2 ssse3 cx16 xtpr pdcm pcid sse4_1 sse4_2 x2apic popcnt tsc_deadline_timer aes xsave avx lahf_lm ida arat epb xsaveopt pln pts dtherm tpr_shadow vnmi flexpriority ept vpid
bogomips	: 4788.98
clflush size	: 64
cache_alignment	: 64
address sizes	: 36 bits physical, 48 bits virtual
power management:

processor	: 3
vendor_id	: GenuineIntel
cpu family	: 6
model		: 42
model name	: Intel(R) Core(TM) i5-2430M CPU @ 2.40GHz
stepping	: 7
microcode	: 0x1b
cpu MHz		: 2401.000
cache size	: 3072 KB
physical id	: 0
siblings	: 4
core id		: 1
cpu cores	: 2
apicid		: 3
initial apicid	: 3
fpu		: yes
fpu_exception	: yes
cpuid level	: 13
wp		: yes
flags		: fpu vme de pse tsc msr pae mce cx8 apic sep mtrr pge mca cmov pat pse36 clflush dts acpi mmx fxsr sse sse2 ss ht tm pbe syscall nx rdtscp lm constant_tsc arch_perfmon pebs bts rep_good nopl xtopology nonstop_tsc aperfmperf eagerfpu pni pclmulqdq dtes64 monitor ds_cpl vmx est tm2 ssse3 cx16 xtpr pdcm pcid sse4_1 sse4_2 x2apic popcnt tsc_deadline_timer aes xsave avx lahf_lm ida arat epb xsaveopt pln pts dtherm tpr_shadow vnmi flexpriority ept vpid
bogomips	: 4788.98
clflush size	: 64
cache_alignment	: 64
address sizes	: 36 bits physical, 48 bits virtual
power management:



Memory: 4k page, physical 4023348k(241704k free), swap 4168700k(207768k free)

vm_info: Java HotSpot(TM) 64-Bit Server VM (25.91-b14) for linux-amd64 JRE (1.8.0_91-b14), built on Apr  1 2016 00:57:21 by "java_re" with gcc 4.3.0 20080428 (Red Hat 4.3.0-8)

time: Tue Sep  6 18:05:29 2016
elapsed time: 14 seconds (0d 0h 0m 14s)

